Start testing: Apr 20 23:13 UTC
----------------------------------------------------------
1/16 Testing: Particle test 1
1/16 Test: Particle test 1
Command: "/workspaces/PHAS0100Assignment2/build/tests" "Particle test 1"
Directory: /workspaces/PHAS0100Assignment2/build/test
"Particle test 1" start time: Apr 20 23:13 UTC
Output:
----------------------------------------------------------
Filters: "Particle test 1"
Randomness seeded to: 1117322902
===============================================================================
All tests passed (6 assertions in 1 test case)

<end of output>
Test time =   0.02 sec
----------------------------------------------------------
Test Passed.
"Particle test 1" end time: Apr 20 23:13 UTC
"Particle test 1" time elapsed: 00:00:00
----------------------------------------------------------

2/16 Testing: Particle test 2
2/16 Test: Particle test 2
Command: "/workspaces/PHAS0100Assignment2/build/tests" "Particle test 2"
Directory: /workspaces/PHAS0100Assignment2/build/test
"Particle test 2" start time: Apr 20 23:13 UTC
Output:
----------------------------------------------------------
Filters: "Particle test 2"
Randomness seeded to: 2355093684
===============================================================================
All tests passed (2 assertions in 1 test case)

<end of output>
Test time =   0.00 sec
----------------------------------------------------------
Test Passed.
"Particle test 2" end time: Apr 20 23:13 UTC
"Particle test 2" time elapsed: 00:00:00
----------------------------------------------------------

3/16 Testing: Particle test 3
3/16 Test: Particle test 3
Command: "/workspaces/PHAS0100Assignment2/build/tests" "Particle test 3"
Directory: /workspaces/PHAS0100Assignment2/build/test
"Particle test 3" start time: Apr 20 23:13 UTC
Output:
----------------------------------------------------------
Filters: "Particle test 3"
Randomness seeded to: 727294773
===============================================================================
All tests passed (1 assertion in 1 test case)

<end of output>
Test time =   0.00 sec
----------------------------------------------------------
Test Passed.
"Particle test 3" end time: Apr 20 23:13 UTC
"Particle test 3" time elapsed: 00:00:00
----------------------------------------------------------

4/16 Testing: Particle test 4
4/16 Test: Particle test 4
Command: "/workspaces/PHAS0100Assignment2/build/tests" "Particle test 4"
Directory: /workspaces/PHAS0100Assignment2/build/test
"Particle test 4" start time: Apr 20 23:13 UTC
Output:
----------------------------------------------------------
Filters: "Particle test 4"
Randomness seeded to: 3550868185
===============================================================================
All tests passed (2 assertions in 1 test case)

<end of output>
Test time =   0.00 sec
----------------------------------------------------------
Test Passed.
"Particle test 4" end time: Apr 20 23:13 UTC
"Particle test 4" time elapsed: 00:00:00
----------------------------------------------------------

5/16 Testing: Particle test 5
5/16 Test: Particle test 5
Command: "/workspaces/PHAS0100Assignment2/build/tests" "Particle test 5"
Directory: /workspaces/PHAS0100Assignment2/build/test
"Particle test 5" start time: Apr 20 23:13 UTC
Output:
----------------------------------------------------------
Filters: "Particle test 5"
Randomness seeded to: 4096192322
===============================================================================
test cases: 1 | 1 passed
assertions: - none -

<end of output>
Test time =   0.00 sec
----------------------------------------------------------
Test Passed.
"Particle test 5" end time: Apr 20 23:13 UTC
"Particle test 5" time elapsed: 00:00:00
----------------------------------------------------------

6/16 Testing: Particle test 6
6/16 Test: Particle test 6
Command: "/workspaces/PHAS0100Assignment2/build/tests" "Particle test 6"
Directory: /workspaces/PHAS0100Assignment2/build/test
"Particle test 6" start time: Apr 20 23:13 UTC
Output:
----------------------------------------------------------
Filters: "Particle test 6"
Randomness seeded to: 1748060826
===============================================================================
All tests passed (1 assertion in 1 test case)

<end of output>
Test time =   0.00 sec
----------------------------------------------------------
Test Passed.
"Particle test 6" end time: Apr 20 23:13 UTC
"Particle test 6" time elapsed: 00:00:00
----------------------------------------------------------

7/16 Testing: Particle test 7
7/16 Test: Particle test 7
Command: "/workspaces/PHAS0100Assignment2/build/tests" "Particle test 7"
Directory: /workspaces/PHAS0100Assignment2/build/test
"Particle test 7" start time: Apr 20 23:13 UTC
Output:
----------------------------------------------------------
Filters: "Particle test 7"
Randomness seeded to: 556231284
===============================================================================
All tests passed (1 assertion in 1 test case)

<end of output>
Test time =   0.00 sec
----------------------------------------------------------
Test Passed.
"Particle test 7" end time: Apr 20 23:13 UTC
"Particle test 7" time elapsed: 00:00:00
----------------------------------------------------------

8/16 Testing: Particle test 8
8/16 Test: Particle test 8
Command: "/workspaces/PHAS0100Assignment2/build/tests" "Particle test 8"
Directory: /workspaces/PHAS0100Assignment2/build/test
"Particle test 8" start time: Apr 20 23:13 UTC
Output:
----------------------------------------------------------
Filters: "Particle test 8"
Randomness seeded to: 911057486
===============================================================================
All tests passed (1 assertion in 1 test case)

<end of output>
Test time =   0.00 sec
----------------------------------------------------------
Test Passed.
"Particle test 8" end time: Apr 20 23:13 UTC
"Particle test 8" time elapsed: 00:00:00
----------------------------------------------------------

9/16 Testing: Particle test 9
9/16 Test: Particle test 9
Command: "/workspaces/PHAS0100Assignment2/build/tests" "Particle test 9"
Directory: /workspaces/PHAS0100Assignment2/build/test
"Particle test 9" start time: Apr 20 23:13 UTC
Output:
----------------------------------------------------------
Filters: "Particle test 9"
Randomness seeded to: 2546024616
===============================================================================
All tests passed (1 assertion in 1 test case)

<end of output>
Test time =   0.00 sec
----------------------------------------------------------
Test Passed.
"Particle test 9" end time: Apr 20 23:13 UTC
"Particle test 9" time elapsed: 00:00:00
----------------------------------------------------------

10/16 Testing: Particle test 10
10/16 Test: Particle test 10
Command: "/workspaces/PHAS0100Assignment2/build/tests" "Particle test 10"
Directory: /workspaces/PHAS0100Assignment2/build/test
"Particle test 10" start time: Apr 20 23:13 UTC
Output:
----------------------------------------------------------
Filters: "Particle test 10"
Randomness seeded to: 110061954
===============================================================================
All tests passed (1 assertion in 1 test case)

<end of output>
Test time =   0.00 sec
----------------------------------------------------------
Test Passed.
"Particle test 10" end time: Apr 20 23:13 UTC
"Particle test 10" time elapsed: 00:00:00
----------------------------------------------------------

11/16 Testing: Particle test 11
11/16 Test: Particle test 11
Command: "/workspaces/PHAS0100Assignment2/build/tests" "Particle test 11"
Directory: /workspaces/PHAS0100Assignment2/build/test
"Particle test 11" start time: Apr 20 23:13 UTC
Output:
----------------------------------------------------------
Filters: "Particle test 11"
Randomness seeded to: 2141528991
===============================================================================
All tests passed (1 assertion in 1 test case)

<end of output>
Test time =   0.00 sec
----------------------------------------------------------
Test Passed.
"Particle test 11" end time: Apr 20 23:13 UTC
"Particle test 11" time elapsed: 00:00:00
----------------------------------------------------------

12/16 Testing: Particle test 12
12/16 Test: Particle test 12
Command: "/workspaces/PHAS0100Assignment2/build/tests" "Particle test 12"
Directory: /workspaces/PHAS0100Assignment2/build/test
"Particle test 12" start time: Apr 20 23:13 UTC
Output:
----------------------------------------------------------
Filters: "Particle test 12"
Randomness seeded to: 3668124375
===============================================================================
All tests passed (1 assertion in 1 test case)

<end of output>
Test time =   0.00 sec
----------------------------------------------------------
Test Passed.
"Particle test 12" end time: Apr 20 23:13 UTC
"Particle test 12" time elapsed: 00:00:00
----------------------------------------------------------

13/16 Testing: Particle test 13
13/16 Test: Particle test 13
Command: "/workspaces/PHAS0100Assignment2/build/tests" "Particle test 13"
Directory: /workspaces/PHAS0100Assignment2/build/test
"Particle test 13" start time: Apr 20 23:13 UTC
Output:
----------------------------------------------------------
Filters: "Particle test 13"
Randomness seeded to: 1189965935
===============================================================================
All tests passed (2 assertions in 1 test case)

<end of output>
Test time =   0.00 sec
----------------------------------------------------------
Test Passed.
"Particle test 13" end time: Apr 20 23:13 UTC
"Particle test 13" time elapsed: 00:00:00
----------------------------------------------------------

14/16 Testing: Particle test 14
14/16 Test: Particle test 14
Command: "/workspaces/PHAS0100Assignment2/build/tests" "Particle test 14"
Directory: /workspaces/PHAS0100Assignment2/build/test
"Particle test 14" start time: Apr 20 23:13 UTC
Output:
----------------------------------------------------------
Filters: "Particle test 14"
Randomness seeded to: 10580723
===============================================================================
All tests passed (1 assertion in 1 test case)

<end of output>
Test time =   0.13 sec
----------------------------------------------------------
Test Passed.
"Particle test 14" end time: Apr 20 23:13 UTC
"Particle test 14" time elapsed: 00:00:00
----------------------------------------------------------

15/16 Testing: Particle test 15
15/16 Test: Particle test 15
Command: "/workspaces/PHAS0100Assignment2/build/tests" "Particle test 15"
Directory: /workspaces/PHAS0100Assignment2/build/test
"Particle test 15" start time: Apr 20 23:13 UTC
Output:
----------------------------------------------------------
Filters: "Particle test 15"
Randomness seeded to: 74443412
===============================================================================
All tests passed (2 assertions in 1 test case)

<end of output>
Test time =   0.13 sec
----------------------------------------------------------
Test Passed.
"Particle test 15" end time: Apr 20 23:13 UTC
"Particle test 15" time elapsed: 00:00:00
----------------------------------------------------------

16/16 Testing: Particle test 16
16/16 Test: Particle test 16
Command: "/workspaces/PHAS0100Assignment2/build/tests" "Particle test 16"
Directory: /workspaces/PHAS0100Assignment2/build/test
"Particle test 16" start time: Apr 20 23:13 UTC
Output:
----------------------------------------------------------
Filters: "Particle test 16"
Randomness seeded to: 3692214768
===============================================================================
All tests passed (4 assertions in 1 test case)

<end of output>
Test time =   0.00 sec
----------------------------------------------------------
Test Passed.
"Particle test 16" end time: Apr 20 23:13 UTC
"Particle test 16" time elapsed: 00:00:00
----------------------------------------------------------

End testing: Apr 20 23:13 UTC
